[2018/04/29 17:04:53] GONNA PRINT OS
[2018/04/29 17:04:53] windows
[2018/04/29 17:32:22] E:\VirtualHosts\radio\backend\
[2018/04/29 19:59:22] 
[2018/04/29 19:59:25] 
[2018/04/29 19:59:28] 
[2018/04/29 19:59:31] 
[2018/04/29 19:59:34] 
[2018/04/29 19:59:37] debug
[2018/04/29 19:59:37] 
[2018/04/29 19:59:40] debug
[2018/04/29 19:59:40] 
[2018/04/29 19:59:43] debug
[2018/04/29 19:59:43] 
[2018/04/29 19:59:46] debug
[2018/04/29 19:59:46] 
[2018/04/29 19:59:49] debug
[2018/04/29 19:59:49] 
[2018/04/29 19:59:52] debug
[2018/04/29 19:59:52] 
[2018/04/29 19:59:55] debug
[2018/04/29 19:59:55] 
[2018/04/29 19:59:58] debug
[2018/04/29 19:59:58] 
[2018/04/29 20:00:01] debug
[2018/04/29 20:00:01] 
[2018/04/29 20:00:04] debug
[2018/04/29 20:00:04] 
[2018/04/29 20:00:07] debug
[2018/04/29 20:00:07] 
[2018/04/29 20:00:10] debug
[2018/04/29 20:00:10] 
[2018/04/29 20:00:13] debug
[2018/04/29 20:00:13] 
[2018/04/29 20:00:16] debug
[2018/04/29 20:00:16] 
[2018/04/29 20:00:19] debug
[2018/04/29 20:00:19] 
[2018/04/29 20:00:22] 
